<?xml version="1.0" encoding="UTF-8"?>
<!-- Generated by org.testng.reporters.JUnitXMLReporter -->
<testsuite ignored="0" hostname="114a60de6a24" failures="1" tests="60" name="Surefire test" time="12.889" errors="0" timestamp="2025-12-29T05:19:21 UTC">
  <testcase classname="com.example.demo.DynamicEventTicketPricingEngineApplicationTests" name="testServletRespondsWithHelloMessage" time="1.194">
    <failure type="java.lang.AssertionError" message="expected [true] but found [false]">
      <![CDATA[java.lang.AssertionError: expected [true] but found [false]
at com.example.demo.DynamicEventTicketPricingEngineApplicationTests.testServletRespondsWithHelloMessage(DynamicEventTicketPricingEngineApplicationTests.java:84)
at java.base/java.util.ArrayList.forEach(ArrayList.java:1511)
... Removed 36 stack frames]]>
    </failure>
  </testcase> <!-- testServletRespondsWithHelloMessage -->
  <testcase classname="com.example.demo.DynamicEventTicketPricingEngineApplicationTests" name="testServletContentTypePlainText" time="0.012"/>
  <testcase classname="com.example.demo.DynamicEventTicketPricingEngineApplicationTests" name="testServletMultipleCalls" time="0.002"/>
  <testcase classname="com.example.demo.DynamicEventTicketPricingEngineApplicationTests" name="testServletNullRequest" time="0.003"/>
  <testcase classname="com.example.demo.DynamicEventTicketPricingEngineApplicationTests" name="testServletWriterException" time="0.004"/>
  <testcase classname="com.example.demo.DynamicEventTicketPricingEngineApplicationTests" name="testServletOutputLengthPositive" time="0.003"/>
  <testcase classname="com.example.demo.DynamicEventTicketPricingEngineApplicationTests" name="testServletDeterministicOutput" time="0.002"/>
  <testcase classname="com.example.demo.DynamicEventTicketPricingEngineApplicationTests" name="testServletIsHttpServlet" time="0.001"/>
  <testcase classname="com.example.demo.DynamicEventTicketPricingEngineApplicationTests" name="testCreateEventSuccess" time="0.085"/>
  <testcase classname="com.example.demo.DynamicEventTicketPricingEngineApplicationTests" name="testCreateEventDuplicateCodeThrows" time="0.001"/>
  <testcase classname="com.example.demo.DynamicEventTicketPricingEngineApplicationTests" name="testCreateEventInvalidBasePrice" time="0.001"/>
  <testcase classname="com.example.demo.DynamicEventTicketPricingEngineApplicationTests" name="testGetEventById" time="0.001"/>
  <testcase classname="com.example.demo.DynamicEventTicketPricingEngineApplicationTests" name="testGetAllEventsEmpty" time="0.001"/>
  <testcase classname="com.example.demo.DynamicEventTicketPricingEngineApplicationTests" name="testUpdateEventStatus" time="0.002"/>
  <testcase classname="com.example.demo.DynamicEventTicketPricingEngineApplicationTests" name="testCreateSeatInventorySuccess" time="0.002"/>
  <testcase classname="com.example.demo.DynamicEventTicketPricingEngineApplicationTests" name="testCreateSeatInventoryInvalidRemainingSeats" time="0.001"/>
  <testcase classname="com.example.demo.DynamicEventTicketPricingEngineApplicationTests" name="testCreatePricingRuleSuccess" time="0.002"/>
  <testcase classname="com.example.demo.DynamicEventTicketPricingEngineApplicationTests" name="testCreatePricingRuleInvalidMultiplier" time="0.0"/>
  <testcase classname="com.example.demo.DynamicEventTicketPricingEngineApplicationTests" name="testEventRecordServiceInjected" time="0.0"/>
  <testcase classname="com.example.demo.DynamicEventTicketPricingEngineApplicationTests" name="testDynamicPricingEngineUsesRepositoriesNoInventory" time="0.002"/>
  <testcase classname="com.example.demo.DynamicEventTicketPricingEngineApplicationTests" name="testDynamicPricingEngineInactiveEvent" time="0.081"/>
  <testcase classname="com.example.demo.DynamicEventTicketPricingEngineApplicationTests" name="testCustomUserDetailsServiceRegistersUser" time="0.504"/>
  <testcase classname="com.example.demo.DynamicEventTicketPricingEngineApplicationTests" name="testCustomUserDetailsServiceLoadsUser" time="0.416"/>
  <testcase classname="com.example.demo.DynamicEventTicketPricingEngineApplicationTests" name="testLoadUnknownUserThrows" time="0.001"/>
  <testcase classname="com.example.demo.DynamicEventTicketPricingEngineApplicationTests" name="testEventRecordActiveDefaultTrue" time="0.0"/>
  <testcase classname="com.example.demo.DynamicEventTicketPricingEngineApplicationTests" name="testSeatInventoryUpdatedAtSetOnPersist" time="0.0"/>
  <testcase classname="com.example.demo.DynamicEventTicketPricingEngineApplicationTests" name="testDynamicPriceRecordComputedAtSetOnPersist" time="0.0"/>
  <testcase classname="com.example.demo.DynamicEventTicketPricingEngineApplicationTests" name="testPriceAdjustmentLogChangedAtSetOnPersist" time="0.0"/>
  <testcase classname="com.example.demo.DynamicEventTicketPricingEngineApplicationTests" name="testDynamicPricingComputeWithNoRulesUsesBasePrice" time="0.003"/>
  <testcase classname="com.example.demo.DynamicEventTicketPricingEngineApplicationTests" name="testDynamicPricingAppliesMultiplier" time="0.003"/>
  <testcase classname="com.example.demo.DynamicEventTicketPricingEngineApplicationTests" name="testSeatInventoryUsesEventIdForeignKeyStyle" time="0.085"/>
  <testcase classname="com.example.demo.DynamicEventTicketPricingEngineApplicationTests" name="testDynamicPriceRecordUsesEventIdReference" time="0.0"/>
  <testcase classname="com.example.demo.DynamicEventTicketPricingEngineApplicationTests" name="testPriceAdjustmentLogUsesEventIdReference" time="0.0"/>
  <testcase classname="com.example.demo.DynamicEventTicketPricingEngineApplicationTests" name="testEventRecordAttributesAreAtomic1NF" time="0.001"/>
  <testcase classname="com.example.demo.DynamicEventTicketPricingEngineApplicationTests" name="testSeparateInventoryPreventsPartialDependency2NF" time="0.0"/>
  <testcase classname="com.example.demo.DynamicEventTicketPricingEngineApplicationTests" name="testSeparateDynamicPriceRemovesTransitiveDependency3NF" time="0.0"/>
  <testcase classname="com.example.demo.DynamicEventTicketPricingEngineApplicationTests" name="testGetAllEventsReturnsList" time="0.001"/>
  <testcase classname="com.example.demo.DynamicEventTicketPricingEngineApplicationTests" name="testGetAllRulesReturnsList" time="0.094"/>
  <testcase classname="com.example.demo.DynamicEventTicketPricingEngineApplicationTests" name="testEventHasMultipleDynamicPricesOverTime" time="0.001"/>
  <testcase classname="com.example.demo.DynamicEventTicketPricingEngineApplicationTests" name="testEventHasMultiplePriceAdjustments" time="0.0"/>
  <testcase classname="com.example.demo.DynamicEventTicketPricingEngineApplicationTests" name="testMultipleRulesAffectSingleEvent" time="0.001"/>
  <testcase classname="com.example.demo.DynamicEventTicketPricingEngineApplicationTests" name="testComputePriceLogsAdjustmentWhenChanged" time="0.003"/>
  <testcase classname="com.example.demo.DynamicEventTicketPricingEngineApplicationTests" name="testAllComputedPricesList" time="0.091"/>
  <testcase classname="com.example.demo.DynamicEventTicketPricingEngineApplicationTests" name="testRegisterUserProducesValidToken" time="1.813"/>
  <testcase classname="com.example.demo.DynamicEventTicketPricingEngineApplicationTests" name="testJwtTokenContainsUsername" time="0.58"/>
  <testcase classname="com.example.demo.DynamicEventTicketPricingEngineApplicationTests" name="testJwtValidation" time="0.005"/>
  <testcase classname="com.example.demo.DynamicEventTicketPricingEngineApplicationTests" name="testJwtInvalidTokenFailsValidation" time="0.003"/>
  <testcase classname="com.example.demo.DynamicEventTicketPricingEngineApplicationTests" name="testPasswordEncoderMatches" time="0.433"/>
  <testcase classname="com.example.demo.DynamicEventTicketPricingEngineApplicationTests" name="testCustomUserDetailsServiceRoleStored" time="0.191"/>
  <testcase classname="com.example.demo.DynamicEventTicketPricingEngineApplicationTests" name="testJwtClaimsContainRoleAndUserId" time="0.061"/>
  <testcase classname="com.example.demo.DynamicEventTicketPricingEngineApplicationTests" name="testJwtTokenIsDifferentForDifferentUsers" time="0.003"/>
  <testcase classname="com.example.demo.DynamicEventTicketPricingEngineApplicationTests" name="testFindEventByCodeActsLikeHqlQuery" time="0.001"/>
  <testcase classname="com.example.demo.DynamicEventTicketPricingEngineApplicationTests" name="testGetActiveRulesActsAsQuery" time="0.0"/>
  <testcase classname="com.example.demo.DynamicEventTicketPricingEngineApplicationTests" name="testGetPriceHistoryActsAsQuery" time="0.001"/>
  <testcase classname="com.example.demo.DynamicEventTicketPricingEngineApplicationTests" name="testFindInventoryByEventIdActsAsCriteriaQuery" time="0.001"/>
  <testcase classname="com.example.demo.DynamicEventTicketPricingEngineApplicationTests" name="testFindAdjustmentsByEventIdActsAsQuery" time="0.001"/>
  <testcase classname="com.example.demo.DynamicEventTicketPricingEngineApplicationTests" name="testNoActiveRulesReturnsEmpty" time="0.001"/>
  <testcase classname="com.example.demo.DynamicEventTicketPricingEngineApplicationTests" name="testNoPriceHistoryReturnsEmpty" time="0.001"/>
  <testcase classname="com.example.demo.DynamicEventTicketPricingEngineApplicationTests" name="testOptionalEventCodeNotFound" time="0.0"/>
  <testcase classname="com.example.demo.DynamicEventTicketPricingEngineApplicationTests" name="testAdvancedFilteringByMultiplierInMemory" time="0.083"/>
</testsuite> <!-- Surefire test -->
