<?xml version="1.0" encoding="UTF-8"?>
<testsuite xmlns:xsi="http://www.w3.org/2001/XMLSchema-instance" xsi:noNamespaceSchemaLocation="https://maven.apache.org/surefire/maven-surefire-plugin/xsd/surefire-test-report-3.0.xsd" version="3.0" name="TestSuite" time="16.396" tests="60" errors="0" skipped="0" failures="1">
  <properties>
[...]
</properties>
  <testcase name="testServletRespondsWithHelloMessage" classname="com.example.demo.DynamicEventTicketPricingEngineApplicationTests" time="1.115">
    <failure message="expected [true] but found [false]" type="java.lang.AssertionError"><![CDATA[java.lang.AssertionError: expected [true] but found [false]
	at org.testng.Assert.fail(Assert.java:111)
	at org.testng.Assert.failNotEquals(Assert.java:1578)
	at org.testng.Assert.assertTrue(Assert.java:57)
	at org.testng.Assert.assertTrue(Assert.java:67)
	at com.example.demo.DynamicEventTicketPricingEngineApplicationTests.testServletRespondsWithHelloMessage(DynamicEventTicketPricingEngineApplicationTests.java:84)
	at java.base/jdk.internal.reflect.NativeMethodAccessorImpl.invoke0(Native Method)
	at java.base/jdk.internal.reflect.NativeMethodAccessorImpl.invoke(NativeMethodAccessorImpl.java:77)
	at java.base/jdk.internal.reflect.DelegatingMethodAccessorImpl.invoke(DelegatingMethodAccessorImpl.java:43)
	at java.base/java.lang.reflect.Method.invoke(Method.java:569)
	at org.testng.internal.invokers.MethodInvocationHelper.invokeMethod(MethodInvocationHelper.java:139)
	at org.testng.internal.invokers.TestInvoker.invokeMethod(TestInvoker.java:664)
	at org.testng.internal.invokers.TestInvoker.invokeTestMethod(TestInvoker.java:227)
	at org.testng.internal.invokers.MethodRunner.runInSequence(MethodRunner.java:50)
	at org.testng.internal.invokers.TestInvoker$MethodInvocationAgent.invoke(TestInvoker.java:957)
	at org.testng.internal.invokers.TestInvoker.invokeTestMethods(TestInvoker.java:200)
	at org.testng.internal.invokers.TestMethodWorker.invokeTestMethods(TestMethodWorker.java:148)
	at org.testng.internal.invokers.TestMethodWorker.run(TestMethodWorker.java:128)
	at java.base/java.util.ArrayList.forEach(ArrayList.java:1511)
	at org.testng.TestRunner.privateRun(TestRunner.java:848)
	at org.testng.TestRunner.run(TestRunner.java:621)
	at org.testng.SuiteRunner.runTest(SuiteRunner.java:443)
	at org.testng.SuiteRunner.runSequentially(SuiteRunner.java:437)
	at org.testng.SuiteRunner.privateRun(SuiteRunner.java:397)
	at org.testng.SuiteRunner.run(SuiteRunner.java:336)
	at org.testng.SuiteRunnerWorker.runSuite(SuiteRunnerWorker.java:52)
	at org.testng.SuiteRunnerWorker.run(SuiteRunnerWorker.java:95)
	at org.testng.TestNG.runSuitesSequentially(TestNG.java:1280)
	at org.testng.TestNG.runSuitesLocally(TestNG.java:1200)
	at org.testng.TestNG.runSuites(TestNG.java:1114)
	at org.testng.TestNG.run(TestNG.java:1082)
	at org.apache.maven.surefire.testng.TestNGExecutor.run(TestNGExecutor.java:155)
	at org.apache.maven.surefire.testng.TestNGDirectoryTestSuite.executeMulti(TestNGDirectoryTestSuite.java:169)
	at org.apache.maven.surefire.testng.TestNGDirectoryTestSuite.execute(TestNGDirectoryTestSuite.java:88)
	at org.apache.maven.surefire.testng.TestNGProvider.invoke(TestNGProvider.java:137)
	at org.apache.maven.surefire.booter.ForkedBooter.runSuitesInProcess(ForkedBooter.java:385)
	at org.apache.maven.surefire.booter.ForkedBooter.execute(ForkedBooter.java:162)
	at org.apache.maven.surefire.booter.ForkedBooter.run(ForkedBooter.java:507)
	at org.apache.maven.surefire.booter.ForkedBooter.main(ForkedBooter.java:495)
]]></failure>
  </testcase>
  <testcase name="testServletContentTypePlainText" classname="com.example.demo.DynamicEventTicketPricingEngineApplicationTests" time="0.091">
    <system-out><![CDATA[testServletRespondsWithHelloMessage - FAIL
]]></system-out>
  </testcase>
  <testcase name="testServletMultipleCalls" classname="com.example.demo.DynamicEventTicketPricingEngineApplicationTests" time="0.011">
    <system-out><![CDATA[testServletContentTypePlainText - PASS
]]></system-out>
  </testcase>
  <testcase name="testServletNullRequest" classname="com.example.demo.DynamicEventTicketPricingEngineApplicationTests" time="0.08">
    <system-out><![CDATA[testServletMultipleCalls - PASS
]]></system-out>
  </testcase>
  <testcase name="testServletWriterException" classname="com.example.demo.DynamicEventTicketPricingEngineApplicationTests" time="0.011">
    <system-out><![CDATA[testServletNullRequest - PASS
]]></system-out>
  </testcase>
  <testcase name="testServletOutputLengthPositive" classname="com.example.demo.DynamicEventTicketPricingEngineApplicationTests" time="0.004">
    <system-out><![CDATA[testServletWriterException - PASS
]]></system-out>
  </testcase>
  <testcase name="testServletDeterministicOutput" classname="com.example.demo.DynamicEventTicketPricingEngineApplicationTests" time="0.003">
    <system-out><![CDATA[testServletOutputLengthPositive - PASS
]]></system-out>
  </testcase>
  <testcase name="testServletIsHttpServlet" classname="com.example.demo.DynamicEventTicketPricingEngineApplicationTests" time="0.0">
    <system-out><![CDATA[testServletDeterministicOutput - PASS
]]></system-out>
  </testcase>
  <testcase name="testCreateEventSuccess" classname="com.example.demo.DynamicEventTicketPricingEngineApplicationTests" time="0.004">
    <system-out><![CDATA[testServletIsHttpServlet - PASS
]]></system-out>
  </testcase>
  <testcase name="testCreateEventDuplicateCodeThrows" classname="com.example.demo.DynamicEventTicketPricingEngineApplicationTests" time="0.082">
    <system-out><![CDATA[testCreateEventSuccess - PASS
]]></system-out>
  </testcase>
  <testcase name="testCreateEventInvalidBasePrice" classname="com.example.demo.DynamicEventTicketPricingEngineApplicationTests" time="0.0">
    <system-out><![CDATA[testCreateEventDuplicateCodeThrows - PASS
]]></system-out>
  </testcase>
  <testcase name="testGetEventById" classname="com.example.demo.DynamicEventTicketPricingEngineApplicationTests" time="0.001">
    <system-out><![CDATA[testCreateEventInvalidBasePrice - PASS
]]></system-out>
  </testcase>
  <testcase name="testGetAllEventsEmpty" classname="com.example.demo.DynamicEventTicketPricingEngineApplicationTests" time="0.003">
    <system-out><![CDATA[testGetEventById - PASS
]]></system-out>
  </testcase>
  <testcase name="testUpdateEventStatus" classname="com.example.demo.DynamicEventTicketPricingEngineApplicationTests" time="0.0">
    <system-out><![CDATA[testGetAllEventsEmpty - PASS
]]></system-out>
  </testcase>
  <testcase name="testCreateSeatInventorySuccess" classname="com.example.demo.DynamicEventTicketPricingEngineApplicationTests" time="0.086">
    <system-out><![CDATA[testUpdateEventStatus - PASS
]]></system-out>
  </testcase>
  <testcase name="testCreateSeatInventoryInvalidRemainingSeats" classname="com.example.demo.DynamicEventTicketPricingEngineApplicationTests" time="0.001">
    <system-out><![CDATA[testCreateSeatInventorySuccess - PASS
]]></system-out>
  </testcase>
  <testcase name="testCreatePricingRuleSuccess" classname="com.example.demo.DynamicEventTicketPricingEngineApplicationTests" time="0.001">
    <system-out><![CDATA[testCreateSeatInventoryInvalidRemainingSeats - PASS
]]></system-out>
  </testcase>
  <testcase name="testCreatePricingRuleInvalidMultiplier" classname="com.example.demo.DynamicEventTicketPricingEngineApplicationTests" time="0.002">
    <system-out><![CDATA[testCreatePricingRuleSuccess - PASS
]]></system-out>
  </testcase>
  <testcase name="testEventRecordServiceInjected" classname="com.example.demo.DynamicEventTicketPricingEngineApplicationTests" time="0.0">
    <system-out><![CDATA[testCreatePricingRuleInvalidMultiplier - PASS
]]></system-out>
  </testcase>
  <testcase name="testDynamicPricingEngineUsesRepositoriesNoInventory" classname="com.example.demo.DynamicEventTicketPricingEngineApplicationTests" time="0.003">
    <system-out><![CDATA[testEventRecordServiceInjected - PASS
]]></system-out>
  </testcase>
  <testcase name="testDynamicPricingEngineInactiveEvent" classname="com.example.demo.DynamicEventTicketPricingEngineApplicationTests" time="0.004">
    <system-out><![CDATA[testDynamicPricingEngineUsesRepositoriesNoInventory - PASS
]]></system-out>
  </testcase>
  <testcase name="testCustomUserDetailsServiceRegistersUser" classname="com.example.demo.DynamicEventTicketPricingEngineApplicationTests" time="0.516">
    <system-out><![CDATA[testDynamicPricingEngineInactiveEvent - PASS
]]></system-out>
  </testcase>
  <testcase name="testCustomUserDetailsServiceLoadsUser" classname="com.example.demo.DynamicEventTicketPricingEngineApplicationTests" time="0.514">
    <system-out><![CDATA[testCustomUserDetailsServiceRegistersUser - PASS
]]></system-out>
  </testcase>
  <testcase name="testLoadUnknownUserThrows" classname="com.example.demo.DynamicEventTicketPricingEngineApplicationTests" time="0.0">
    <system-out><![CDATA[testCustomUserDetailsServiceLoadsUser - PASS
]]></system-out>
  </testcase>
  <testcase name="testEventRecordActiveDefaultTrue" classname="com.example.demo.DynamicEventTicketPricingEngineApplicationTests" time="0.0">
    <system-out><![CDATA[testLoadUnknownUserThrows - PASS
]]></system-out>
  </testcase>
  <testcase name="testSeatInventoryUpdatedAtSetOnPersist" classname="com.example.demo.DynamicEventTicketPricingEngineApplicationTests" time="0.0">
    <system-out><![CDATA[testEventRecordActiveDefaultTrue - PASS
]]></system-out>
  </testcase>
  <testcase name="testDynamicPriceRecordComputedAtSetOnPersist" classname="com.example.demo.DynamicEventTicketPricingEngineApplicationTests" time="0.0">
    <system-out><![CDATA[testSeatInventoryUpdatedAtSetOnPersist - PASS
]]></system-out>
  </testcase>
  <testcase name="testPriceAdjustmentLogChangedAtSetOnPersist" classname="com.example.demo.DynamicEventTicketPricingEngineApplicationTests" time="0.0">
    <system-out><![CDATA[testDynamicPriceRecordComputedAtSetOnPersist - PASS
]]></system-out>
  </testcase>
  <testcase name="testDynamicPricingComputeWithNoRulesUsesBasePrice" classname="com.example.demo.DynamicEventTicketPricingEngineApplicationTests" time="0.008">
    <system-out><![CDATA[testPriceAdjustmentLogChangedAtSetOnPersist - PASS
]]></system-out>
  </testcase>
  <testcase name="testDynamicPricingAppliesMultiplier" classname="com.example.demo.DynamicEventTicketPricingEngineApplicationTests" time="0.0">
    <system-out><![CDATA[testDynamicPricingComputeWithNoRulesUsesBasePrice - PASS
]]></system-out>
  </testcase>
  <testcase name="testSeatInventoryUsesEventIdForeignKeyStyle" classname="com.example.demo.DynamicEventTicketPricingEngineApplicationTests" time="0.0">
    <system-out><![CDATA[testDynamicPricingAppliesMultiplier - PASS
]]></system-out>
  </testcase>
  <testcase name="testDynamicPriceRecordUsesEventIdReference" classname="com.example.demo.DynamicEventTicketPricingEngineApplicationTests" time="0.0">
    <system-out><![CDATA[testSeatInventoryUsesEventIdForeignKeyStyle - PASS
]]></system-out>
  </testcase>
  <testcase name="testPriceAdjustmentLogUsesEventIdReference" classname="com.example.demo.DynamicEventTicketPricingEngineApplicationTests" time="0.0">
    <system-out><![CDATA[testDynamicPriceRecordUsesEventIdReference - PASS
]]></system-out>
  </testcase>
  <testcase name="testEventRecordAttributesAreAtomic1NF" classname="com.example.demo.DynamicEventTicketPricingEngineApplicationTests" time="0.0">
    <system-out><![CDATA[testPriceAdjustmentLogUsesEventIdReference - PASS
]]></system-out>
  </testcase>
  <testcase name="testSeparateInventoryPreventsPartialDependency2NF" classname="com.example.demo.DynamicEventTicketPricingEngineApplicationTests" time="0.0">
    <system-out><![CDATA[testEventRecordAttributesAreAtomic1NF - PASS
]]></system-out>
  </testcase>
  <testcase name="testSeparateDynamicPriceRemovesTransitiveDependency3NF" classname="com.example.demo.DynamicEventTicketPricingEngineApplicationTests" time="0.0">
    <system-out><![CDATA[testSeparateInventoryPreventsPartialDependency2NF - PASS
]]></system-out>
  </testcase>
  <testcase name="testGetAllEventsReturnsList" classname="com.example.demo.DynamicEventTicketPricingEngineApplicationTests" time="0.0">
    <system-out><![CDATA[testSeparateDynamicPriceRemovesTransitiveDependency3NF - PASS
]]></system-out>
  </testcase>
  <testcase name="testGetAllRulesReturnsList" classname="com.example.demo.DynamicEventTicketPricingEngineApplicationTests" time="0.0">
    <system-out><![CDATA[testGetAllEventsReturnsList - PASS
]]></system-out>
  </testcase>
  <testcase name="testEventHasMultipleDynamicPricesOverTime" classname="com.example.demo.DynamicEventTicketPricingEngineApplicationTests" time="0.0">
    <system-out><![CDATA[testGetAllRulesReturnsList - PASS
]]></system-out>
  </testcase>
  <testcase name="testEventHasMultiplePriceAdjustments" classname="com.example.demo.DynamicEventTicketPricingEngineApplicationTests" time="0.0">
    <system-out><![CDATA[testEventHasMultipleDynamicPricesOverTime - PASS
]]></system-out>
  </testcase>
  <testcase name="testMultipleRulesAffectSingleEvent" classname="com.example.demo.DynamicEventTicketPricingEngineApplicationTests" time="0.0">
    <system-out><![CDATA[testEventHasMultiplePriceAdjustments - PASS
]]></system-out>
  </testcase>
  <testcase name="testComputePriceLogsAdjustmentWhenChanged" classname="com.example.demo.DynamicEventTicketPricingEngineApplicationTests" time="0.0">
    <system-out><![CDATA[testMultipleRulesAffectSingleEvent - PASS
]]></system-out>
  </testcase>
  <testcase name="testAllComputedPricesList" classname="com.example.demo.DynamicEventTicketPricingEngineApplicationTests" time="0.093">
    <system-out><![CDATA[testComputePriceLogsAdjustmentWhenChanged - PASS
]]></system-out>
  </testcase>
  <testcase name="testRegisterUserProducesValidToken" classname="com.example.demo.DynamicEventTicketPricingEngineApplicationTests" time="1.813">
    <system-out><![CDATA[testAllComputedPricesList - PASS
]]></system-out>
  </testcase>
  <testcase name="testJwtTokenContainsUsername" classname="com.example.demo.DynamicEventTicketPricingEngineApplicationTests" time="0.388">
    <system-out><![CDATA[testRegisterUserProducesValidToken - PASS
]]></system-out>
  </testcase>
  <testcase name="testJwtValidation" classname="com.example.demo.DynamicEventTicketPricingEngineApplicationTests" time="0.006">
    <system-out><![CDATA[testJwtTokenContainsUsername - PASS
]]></system-out>
  </testcase>
  <testcase name="testJwtInvalidTokenFailsValidation" classname="com.example.demo.DynamicEventTicketPricingEngineApplicationTests" time="0.006">
    <system-out><![CDATA[testJwtValidation - PASS
]]></system-out>
  </testcase>
  <testcase name="testPasswordEncoderMatches" classname="com.example.demo.DynamicEventTicketPricingEngineApplicationTests" time="0.482">
    <system-out><![CDATA[testJwtInvalidTokenFailsValidation - PASS
]]></system-out>
  </testcase>
  <testcase name="testCustomUserDetailsServiceRoleStored" classname="com.example.demo.DynamicEventTicketPricingEngineApplicationTests" time="0.128">
    <system-out><![CDATA[testPasswordEncoderMatches - PASS
]]></system-out>
  </testcase>
  <testcase name="testJwtClaimsContainRoleAndUserId" classname="com.example.demo.DynamicEventTicketPricingEngineApplicationTests" time="0.004">
    <system-out><![CDATA[testCustomUserDetailsServiceRoleStored - PASS
]]></system-out>
  </testcase>
  <testcase name="testJwtTokenIsDifferentForDifferentUsers" classname="com.example.demo.DynamicEventTicketPricingEngineApplicationTests" time="0.009">
    <system-out><![CDATA[testJwtClaimsContainRoleAndUserId - PASS
]]></system-out>
  </testcase>
  <testcase name="testFindEventByCodeActsLikeHqlQuery" classname="com.example.demo.DynamicEventTicketPricingEngineApplicationTests" time="0.0">
    <system-out><![CDATA[testJwtTokenIsDifferentForDifferentUsers - PASS
]]></system-out>
  </testcase>
  <testcase name="testGetActiveRulesActsAsQuery" classname="com.example.demo.DynamicEventTicketPricingEngineApplicationTests" time="0.0">
    <system-out><![CDATA[testFindEventByCodeActsLikeHqlQuery - PASS
]]></system-out>
  </testcase>
  <testcase name="testGetPriceHistoryActsAsQuery" classname="com.example.demo.DynamicEventTicketPricingEngineApplicationTests" time="0.0">
    <system-out><![CDATA[testGetActiveRulesActsAsQuery - PASS
]]></system-out>
  </testcase>
  <testcase name="testFindInventoryByEventIdActsAsCriteriaQuery" classname="com.example.demo.DynamicEventTicketPricingEngineApplicationTests" time="0.001">
    <system-out><![CDATA[testGetPriceHistoryActsAsQuery - PASS
]]></system-out>
  </testcase>
  <testcase name="testFindAdjustmentsByEventIdActsAsQuery" classname="com.example.demo.DynamicEventTicketPricingEngineApplicationTests" time="0.001">
    <system-out><![CDATA[testFindInventoryByEventIdActsAsCriteriaQuery - PASS
]]></system-out>
  </testcase>
  <testcase name="testNoActiveRulesReturnsEmpty" classname="com.example.demo.DynamicEventTicketPricingEngineApplicationTests" time="0.0">
    <system-out><![CDATA[testFindAdjustmentsByEventIdActsAsQuery - PASS
]]></system-out>
  </testcase>
  <testcase name="testNoPriceHistoryReturnsEmpty" classname="com.example.demo.DynamicEventTicketPricingEngineApplicationTests" time="0.0">
    <system-out><![CDATA[testNoActiveRulesReturnsEmpty - PASS
]]></system-out>
  </testcase>
  <testcase name="testOptionalEventCodeNotFound" classname="com.example.demo.DynamicEventTicketPricingEngineApplicationTests" time="0.075">
    <system-out><![CDATA[testNoPriceHistoryReturnsEmpty - PASS
]]></system-out>
  </testcase>
  <testcase name="testAdvancedFilteringByMultiplierInMemory" classname="com.example.demo.DynamicEventTicketPricingEngineApplicationTests" time="0.003">
    <system-out><![CDATA[testOptionalEventCodeNotFound - PASS
]]></system-out>
  </testcase>
</testsuite>