<?xml version="1.0" encoding="UTF-8"?>
<!-- Generated by org.testng.reporters.JUnitReportReporter -->
<testsuite hostname="114a60de6a24" failures="1" tests="60" name="com.example.demo.DynamicEventTicketPricingEngineApplicationTests" time="5.501" errors="0" timestamp="2025-12-28T14:12:57 UTC" skipped="0">
  <testcase classname="com.example.demo.DynamicEventTicketPricingEngineApplicationTests" name="testServletRespondsWithHelloMessage" time="0.895">
    <failure message="expected [true] but found [false]" type="java.lang.AssertionError">
      <![CDATA[java.lang.AssertionError: expected [true] but found [false]
at org.testng.Assert.fail(Assert.java:111)
at org.testng.Assert.failNotEquals(Assert.java:1578)
at org.testng.Assert.assertTrue(Assert.java:57)
at org.testng.Assert.assertTrue(Assert.java:67)
at com.example.demo.DynamicEventTicketPricingEngineApplicationTests.testServletRespondsWithHelloMessage(DynamicEventTicketPricingEngineApplicationTests.java:84)
at java.base/jdk.internal.reflect.NativeMethodAccessorImpl.invoke0(Native Method)
at java.base/jdk.internal.reflect.NativeMethodAccessorImpl.invoke(NativeMethodAccessorImpl.java:77)
at java.base/jdk.internal.reflect.DelegatingMethodAccessorImpl.invoke(DelegatingMethodAccessorImpl.java:43)
at java.base/java.lang.reflect.Method.invoke(Method.java:569)
at org.testng.internal.invokers.MethodInvocationHelper.invokeMethod(MethodInvocationHelper.java:139)
at org.testng.internal.invokers.TestInvoker.invokeMethod(TestInvoker.java:664)
at org.testng.internal.invokers.TestInvoker.invokeTestMethod(TestInvoker.java:227)
at org.testng.internal.invokers.MethodRunner.runInSequence(MethodRunner.java:50)
at org.testng.internal.invokers.TestInvoker$MethodInvocationAgent.invoke(TestInvoker.java:957)
at org.testng.internal.invokers.TestInvoker.invokeTestMethods(TestInvoker.java:200)
at org.testng.internal.invokers.TestMethodWorker.invokeTestMethods(TestMethodWorker.java:148)
at org.testng.internal.invokers.TestMethodWorker.run(TestMethodWorker.java:128)
at java.base/java.util.ArrayList.forEach(ArrayList.java:1511)
at org.testng.TestRunner.privateRun(TestRunner.java:848)
at org.testng.TestRunner.run(TestRunner.java:621)
at org.testng.SuiteRunner.runTest(SuiteRunner.java:443)
at org.testng.SuiteRunner.runSequentially(SuiteRunner.java:437)
at org.testng.SuiteRunner.privateRun(SuiteRunner.java:397)
at org.testng.SuiteRunner.run(SuiteRunner.java:336)
at org.testng.SuiteRunnerWorker.runSuite(SuiteRunnerWorker.java:52)
at org.testng.SuiteRunnerWorker.run(SuiteRunnerWorker.java:95)
at org.testng.TestNG.runSuitesSequentially(TestNG.java:1280)
at org.testng.TestNG.runSuitesLocally(TestNG.java:1200)
at org.testng.TestNG.runSuites(TestNG.java:1114)
at org.testng.TestNG.run(TestNG.java:1082)
at org.apache.maven.surefire.testng.TestNGExecutor.run(TestNGExecutor.java:155)
at org.apache.maven.surefire.testng.TestNGDirectoryTestSuite.executeMulti(TestNGDirectoryTestSuite.java:169)
at org.apache.maven.surefire.testng.TestNGDirectoryTestSuite.execute(TestNGDirectoryTestSuite.java:88)
at org.apache.maven.surefire.testng.TestNGProvider.invoke(TestNGProvider.java:137)
at org.apache.maven.surefire.booter.ForkedBooter.runSuitesInProcess(ForkedBooter.java:385)
at org.apache.maven.surefire.booter.ForkedBooter.execute(ForkedBooter.java:162)
at org.apache.maven.surefire.booter.ForkedBooter.run(ForkedBooter.java:507)
at org.apache.maven.surefire.booter.ForkedBooter.main(ForkedBooter.java:495)
]]>
    </failure>
  </testcase> <!-- testServletRespondsWithHelloMessage -->
  <testcase classname="com.example.demo.DynamicEventTicketPricingEngineApplicationTests" name="testServletContentTypePlainText" time="0.096"/>
  <testcase classname="com.example.demo.DynamicEventTicketPricingEngineApplicationTests" name="testServletMultipleCalls" time="0.003"/>
  <testcase classname="com.example.demo.DynamicEventTicketPricingEngineApplicationTests" name="testServletNullRequest" time="0.002"/>
  <testcase classname="com.example.demo.DynamicEventTicketPricingEngineApplicationTests" name="testServletWriterException" time="0.089"/>
  <testcase classname="com.example.demo.DynamicEventTicketPricingEngineApplicationTests" name="testServletOutputLengthPositive" time="0.002"/>
  <testcase classname="com.example.demo.DynamicEventTicketPricingEngineApplicationTests" name="testServletDeterministicOutput" time="0.002"/>
  <testcase classname="com.example.demo.DynamicEventTicketPricingEngineApplicationTests" name="testServletIsHttpServlet" time="0.000"/>
  <testcase classname="com.example.demo.DynamicEventTicketPricingEngineApplicationTests" name="testCreateEventSuccess" time="0.089"/>
  <testcase classname="com.example.demo.DynamicEventTicketPricingEngineApplicationTests" name="testCreateEventDuplicateCodeThrows" time="0.001"/>
  <testcase classname="com.example.demo.DynamicEventTicketPricingEngineApplicationTests" name="testCreateEventInvalidBasePrice" time="0.001"/>
  <testcase classname="com.example.demo.DynamicEventTicketPricingEngineApplicationTests" name="testGetEventById" time="0.094"/>
  <testcase classname="com.example.demo.DynamicEventTicketPricingEngineApplicationTests" name="testGetAllEventsEmpty" time="0.001"/>
  <testcase classname="com.example.demo.DynamicEventTicketPricingEngineApplicationTests" name="testUpdateEventStatus" time="0.001"/>
  <testcase classname="com.example.demo.DynamicEventTicketPricingEngineApplicationTests" name="testCreateSeatInventorySuccess" time="0.002"/>
  <testcase classname="com.example.demo.DynamicEventTicketPricingEngineApplicationTests" name="testCreateSeatInventoryInvalidRemainingSeats" time="0.089"/>
  <testcase classname="com.example.demo.DynamicEventTicketPricingEngineApplicationTests" name="testCreatePricingRuleSuccess" time="0.002"/>
  <testcase classname="com.example.demo.DynamicEventTicketPricingEngineApplicationTests" name="testCreatePricingRuleInvalidMultiplier" time="0.001"/>
  <testcase classname="com.example.demo.DynamicEventTicketPricingEngineApplicationTests" name="testEventRecordServiceInjected" time="0.000"/>
  <testcase classname="com.example.demo.DynamicEventTicketPricingEngineApplicationTests" name="testDynamicPricingEngineUsesRepositoriesNoInventory" time="0.001"/>
  <testcase classname="com.example.demo.DynamicEventTicketPricingEngineApplicationTests" name="testDynamicPricingEngineInactiveEvent" time="0.001"/>
  <testcase classname="com.example.demo.DynamicEventTicketPricingEngineApplicationTests" name="testCustomUserDetailsServiceRegistersUser" time="0.589"/>
  <testcase classname="com.example.demo.DynamicEventTicketPricingEngineApplicationTests" name="testCustomUserDetailsServiceLoadsUser" time="0.424"/>
  <testcase classname="com.example.demo.DynamicEventTicketPricingEngineApplicationTests" name="testLoadUnknownUserThrows" time="0.001"/>
  <testcase classname="com.example.demo.DynamicEventTicketPricingEngineApplicationTests" name="testEventRecordActiveDefaultTrue" time="0.000"/>
  <testcase classname="com.example.demo.DynamicEventTicketPricingEngineApplicationTests" name="testSeatInventoryUpdatedAtSetOnPersist" time="0.000"/>
  <testcase classname="com.example.demo.DynamicEventTicketPricingEngineApplicationTests" name="testDynamicPriceRecordComputedAtSetOnPersist" time="0.000"/>
  <testcase classname="com.example.demo.DynamicEventTicketPricingEngineApplicationTests" name="testPriceAdjustmentLogChangedAtSetOnPersist" time="0.000"/>
  <testcase classname="com.example.demo.DynamicEventTicketPricingEngineApplicationTests" name="testDynamicPricingComputeWithNoRulesUsesBasePrice" time="0.003"/>
  <testcase classname="com.example.demo.DynamicEventTicketPricingEngineApplicationTests" name="testDynamicPricingAppliesMultiplier" time="0.093"/>
  <testcase classname="com.example.demo.DynamicEventTicketPricingEngineApplicationTests" name="testSeatInventoryUsesEventIdForeignKeyStyle" time="0.000"/>
  <testcase classname="com.example.demo.DynamicEventTicketPricingEngineApplicationTests" name="testDynamicPriceRecordUsesEventIdReference" time="0.000"/>
  <testcase classname="com.example.demo.DynamicEventTicketPricingEngineApplicationTests" name="testPriceAdjustmentLogUsesEventIdReference" time="0.000"/>
  <testcase classname="com.example.demo.DynamicEventTicketPricingEngineApplicationTests" name="testEventRecordAttributesAreAtomic1NF" time="0.000"/>
  <testcase classname="com.example.demo.DynamicEventTicketPricingEngineApplicationTests" name="testSeparateInventoryPreventsPartialDependency2NF" time="0.001"/>
  <testcase classname="com.example.demo.DynamicEventTicketPricingEngineApplicationTests" name="testSeparateDynamicPriceRemovesTransitiveDependency3NF" time="0.001"/>
  <testcase classname="com.example.demo.DynamicEventTicketPricingEngineApplicationTests" name="testGetAllEventsReturnsList" time="0.001"/>
  <testcase classname="com.example.demo.DynamicEventTicketPricingEngineApplicationTests" name="testGetAllRulesReturnsList" time="0.000"/>
  <testcase classname="com.example.demo.DynamicEventTicketPricingEngineApplicationTests" name="testEventHasMultipleDynamicPricesOverTime" time="0.001"/>
  <testcase classname="com.example.demo.DynamicEventTicketPricingEngineApplicationTests" name="testEventHasMultiplePriceAdjustments" time="0.001"/>
  <testcase classname="com.example.demo.DynamicEventTicketPricingEngineApplicationTests" name="testMultipleRulesAffectSingleEvent" time="0.000"/>
  <testcase classname="com.example.demo.DynamicEventTicketPricingEngineApplicationTests" name="testComputePriceLogsAdjustmentWhenChanged" time="0.003"/>
  <testcase classname="com.example.demo.DynamicEventTicketPricingEngineApplicationTests" name="testAllComputedPricesList" time="0.000"/>
  <testcase classname="com.example.demo.DynamicEventTicketPricingEngineApplicationTests" name="testRegisterUserProducesValidToken" time="1.791"/>
  <testcase classname="com.example.demo.DynamicEventTicketPricingEngineApplicationTests" name="testJwtTokenContainsUsername" time="0.615"/>
  <testcase classname="com.example.demo.DynamicEventTicketPricingEngineApplicationTests" name="testJwtValidation" time="0.084"/>
  <testcase classname="com.example.demo.DynamicEventTicketPricingEngineApplicationTests" name="testJwtInvalidTokenFailsValidation" time="0.002"/>
  <testcase classname="com.example.demo.DynamicEventTicketPricingEngineApplicationTests" name="testPasswordEncoderMatches" time="0.330"/>
  <testcase classname="com.example.demo.DynamicEventTicketPricingEngineApplicationTests" name="testCustomUserDetailsServiceRoleStored" time="0.175"/>
  <testcase classname="com.example.demo.DynamicEventTicketPricingEngineApplicationTests" name="testJwtClaimsContainRoleAndUserId" time="0.004"/>
  <testcase classname="com.example.demo.DynamicEventTicketPricingEngineApplicationTests" name="testJwtTokenIsDifferentForDifferentUsers" time="0.003"/>
  <testcase classname="com.example.demo.DynamicEventTicketPricingEngineApplicationTests" name="testFindEventByCodeActsLikeHqlQuery" time="0.001"/>
  <testcase classname="com.example.demo.DynamicEventTicketPricingEngineApplicationTests" name="testGetActiveRulesActsAsQuery" time="0.000"/>
  <testcase classname="com.example.demo.DynamicEventTicketPricingEngineApplicationTests" name="testGetPriceHistoryActsAsQuery" time="0.000"/>
  <testcase classname="com.example.demo.DynamicEventTicketPricingEngineApplicationTests" name="testFindInventoryByEventIdActsAsCriteriaQuery" time="0.001"/>
  <testcase classname="com.example.demo.DynamicEventTicketPricingEngineApplicationTests" name="testFindAdjustmentsByEventIdActsAsQuery" time="0.001"/>
  <testcase classname="com.example.demo.DynamicEventTicketPricingEngineApplicationTests" name="testNoActiveRulesReturnsEmpty" time="0.001"/>
  <testcase classname="com.example.demo.DynamicEventTicketPricingEngineApplicationTests" name="testNoPriceHistoryReturnsEmpty" time="0.001"/>
  <testcase classname="com.example.demo.DynamicEventTicketPricingEngineApplicationTests" name="testOptionalEventCodeNotFound" time="0.000"/>
  <testcase classname="com.example.demo.DynamicEventTicketPricingEngineApplicationTests" name="testAdvancedFilteringByMultiplierInMemory" time="0.002"/>
</testsuite> <!-- com.example.demo.DynamicEventTicketPricingEngineApplicationTests -->
